<?xml version="1.0" encoding="UTF-8"?>
<testng-results skipped="0" failed="1" ignored="1" total="2" passed="0">
  <reporter-output>
    <line>
      <![CDATA[Roles dialog box not present]]>
    </line>
    <line>
      <![CDATA[Login successful]]>
    </line>
    <line>
      <![CDATA[STEP3]]>
    </line>
    <line>
      <![CDATA[RetrieveAndReserveTest : testRetrieveAndReserve()]]>
    </line>
    <line>
      <![CDATA[STEP5]]>
    </line>
    <line>
      <![CDATA[Workitem : wi1934012111221]]>
    </line>
    <line>
      <![CDATA[STEP7]]>
    </line>
    <line>
      <![CDATA[Class Name : Archive]]>
    </line>
    <line>
      <![CDATA[STEP9]]>
    </line>
    <line>
      <![CDATA[Workitem Type : Document]]>
    </line>
    <line>
      <![CDATA[STEP11]]>
    </line>
    <line>
      <![CDATA[Create Workitem page box present]]>
    </line>
    <line>
      <![CDATA[Create Workitem window box is present]]>
    </line>
    <line>
      <![CDATA[ Workitem name inserted]]>
    </line>
    <line>
      <![CDATA[ClassName selected as Archive]]>
    </line>
    <line>
      <![CDATA[WorkitemType selected as Document]]>
    </line>
    <line>
      <![CDATA[Create Workitem submit button clicked]]>
    </line>
    <line>
      <![CDATA[STEP18]]>
    </line>
    <line>
      <![CDATA[CreateWorkitem operation performed]]>
    </line>
    <line>
      <![CDATA[STEP20]]>
    </line>
    <line>
      <![CDATA[Document: wi1934012111221 has been created]]>
    </line>
    <line>
      <![CDATA[STEP22]]>
    </line>
    <line>
      <![CDATA[Sending Workitem to Workflow]]>
    </line>
    <line>
      <![CDATA[STEP24]]>
    </line>
    <line>
      <![CDATA[Workitem to be sent to Default Queue is clicked]]>
    </line>
    <line>
      <![CDATA[Send WorkItem Button is clicked]]>
    </line>
    <line>
      <![CDATA[Send Workitem window box is present]]>
    </line>
    <line>
      <![CDATA[Send Button is clicked]]>
    </line>
    <line>
      <![CDATA[Inbox tab is clicked]]>
    </line>
    <line>
      <![CDATA[STEP30]]>
    </line>
    <line>
      <![CDATA[Data Entry is clicked]]>
    </line>
    <line>
      <![CDATA[STEP32]]>
    </line>
    <line>
      <![CDATA[Searching item failed]]>
    </line>
    <line>
      <![CDATA[STEP34]]>
    </line>
    <line>
      <![CDATA[STEP35]]>
    </line>
    <line>
      <![CDATA[failed to execute RetrieveAndReserve test]]>
    </line>
    <line>
      <![CDATA[STEP37]]>
    </line>
    <line>
      <![CDATA[Log out success ]]>
    </line>
  </reporter-output>
  <suite name="Default suite" duration-ms="239123" started-at="2019-12-06T05:41:38Z" finished-at="2019-12-06T05:45:37Z">
    <groups>
      <group name="Workitem">
        <method signature="INFO_5111.testRetrieveAndReserve()[pri:1, instance:apd.infoimage.iwm.tests.INFO_5111@7cbd213e]" name="testRetrieveAndReserve" class="apd.infoimage.iwm.tests.INFO_5111"/>
      </group> <!-- Workitem -->
    </groups>
    <test name="Default test" duration-ms="239123" started-at="2019-12-06T05:41:38Z" finished-at="2019-12-06T05:45:37Z">
      <class name="apd.infoimage.iwm.tests.INFO_5111">
        <test-method status="PASS" signature="beforeSuite()[pri:0, instance:apd.infoimage.iwm.tests.INFO_5111@7cbd213e]" name="beforeSuite" is-config="true" duration-ms="3154" started-at="2019-12-06T05:41:35Z" finished-at="2019-12-06T05:41:38Z">
          <reporter-output>
          </reporter-output>
        </test-method> <!-- beforeSuite -->
        <test-method status="PASS" signature="beforMethod()[pri:0, instance:apd.infoimage.iwm.tests.INFO_5111@7cbd213e]" name="beforMethod" is-config="true" duration-ms="41859" started-at="2019-12-06T05:41:38Z" finished-at="2019-12-06T05:42:20Z">
          <reporter-output>
            <line>
              <![CDATA[Roles dialog box not present]]>
            </line>
            <line>
              <![CDATA[Login successful]]>
            </line>
            <line>
              <![CDATA[STEP3]]>
            </line>
          </reporter-output>
        </test-method> <!-- beforMethod -->
        <test-method status="FAIL" signature="testRetrieveAndReserve()[pri:1, instance:apd.infoimage.iwm.tests.INFO_5111@7cbd213e]" name="testRetrieveAndReserve" duration-ms="173859" started-at="2019-12-06T05:42:20Z" finished-at="2019-12-06T05:45:14Z">
          <exception class="atu.testng.reports.exceptions.ATUReporterStepFailedException">
            <full-stacktrace>
              <![CDATA[[ATU Custom Reporter Step Failed Exception]
at atu.testng.reports.ATUReports.stepFailureHandler(Unknown Source)
at atu.testng.reports.ATUReports.add(Unknown Source)
at apd.infoimage.iwm.tests.INFO_5111.testRetrieveAndReserve(INFO_5111.java:137)
at sun.reflect.NativeMethodAccessorImpl.invoke0(Native Method)
at sun.reflect.NativeMethodAccessorImpl.invoke(Unknown Source)
at sun.reflect.DelegatingMethodAccessorImpl.invoke(Unknown Source)
at java.lang.reflect.Method.invoke(Unknown Source)
at org.testng.internal.MethodInvocationHelper.invokeMethod(MethodInvocationHelper.java:124)
at org.testng.internal.Invoker.invokeMethod(Invoker.java:583)
at org.testng.internal.Invoker.invokeTestMethod(Invoker.java:719)
at org.testng.internal.Invoker.invokeTestMethods(Invoker.java:989)
at org.testng.internal.TestMethodWorker.invokeTestMethods(TestMethodWorker.java:125)
at org.testng.internal.TestMethodWorker.run(TestMethodWorker.java:109)
at org.testng.TestRunner.privateRun(TestRunner.java:648)
at org.testng.TestRunner.run(TestRunner.java:505)
at org.testng.SuiteRunner.runTest(SuiteRunner.java:455)
at org.testng.SuiteRunner.runSequentially(SuiteRunner.java:450)
at org.testng.SuiteRunner.privateRun(SuiteRunner.java:415)
at org.testng.SuiteRunner.run(SuiteRunner.java:364)
at org.testng.SuiteRunnerWorker.runSuite(SuiteRunnerWorker.java:52)
at org.testng.SuiteRunnerWorker.run(SuiteRunnerWorker.java:84)
at org.testng.TestNG.runSuitesSequentially(TestNG.java:1208)
at org.testng.TestNG.runSuitesLocally(TestNG.java:1137)
at org.testng.TestNG.runSuites(TestNG.java:1049)
at org.testng.TestNG.run(TestNG.java:1017)
at org.testng.remote.AbstractRemoteTestNG.run(AbstractRemoteTestNG.java:114)
at org.testng.remote.RemoteTestNG.initAndRun(RemoteTestNG.java:251)
at org.testng.remote.RemoteTestNG.main(RemoteTestNG.java:77)
]]>
            </full-stacktrace>
          </exception> <!-- atu.testng.reports.exceptions.ATUReporterStepFailedException -->
          <reporter-output>
            <line>
              <![CDATA[RetrieveAndReserveTest : testRetrieveAndReserve()]]>
            </line>
            <line>
              <![CDATA[STEP5]]>
            </line>
            <line>
              <![CDATA[Workitem : wi1934012111221]]>
            </line>
            <line>
              <![CDATA[STEP7]]>
            </line>
            <line>
              <![CDATA[Class Name : Archive]]>
            </line>
            <line>
              <![CDATA[STEP9]]>
            </line>
            <line>
              <![CDATA[Workitem Type : Document]]>
            </line>
            <line>
              <![CDATA[STEP11]]>
            </line>
            <line>
              <![CDATA[Create Workitem page box present]]>
            </line>
            <line>
              <![CDATA[Create Workitem window box is present]]>
            </line>
            <line>
              <![CDATA[ Workitem name inserted]]>
            </line>
            <line>
              <![CDATA[ClassName selected as Archive]]>
            </line>
            <line>
              <![CDATA[WorkitemType selected as Document]]>
            </line>
            <line>
              <![CDATA[Create Workitem submit button clicked]]>
            </line>
            <line>
              <![CDATA[STEP18]]>
            </line>
            <line>
              <![CDATA[CreateWorkitem operation performed]]>
            </line>
            <line>
              <![CDATA[STEP20]]>
            </line>
            <line>
              <![CDATA[Document: wi1934012111221 has been created]]>
            </line>
            <line>
              <![CDATA[STEP22]]>
            </line>
            <line>
              <![CDATA[Sending Workitem to Workflow]]>
            </line>
            <line>
              <![CDATA[STEP24]]>
            </line>
            <line>
              <![CDATA[Workitem to be sent to Default Queue is clicked]]>
            </line>
            <line>
              <![CDATA[Send WorkItem Button is clicked]]>
            </line>
            <line>
              <![CDATA[Send Workitem window box is present]]>
            </line>
            <line>
              <![CDATA[Send Button is clicked]]>
            </line>
            <line>
              <![CDATA[Inbox tab is clicked]]>
            </line>
            <line>
              <![CDATA[STEP30]]>
            </line>
            <line>
              <![CDATA[Data Entry is clicked]]>
            </line>
            <line>
              <![CDATA[STEP32]]>
            </line>
            <line>
              <![CDATA[Searching item failed]]>
            </line>
            <line>
              <![CDATA[STEP34]]>
            </line>
            <line>
              <![CDATA[STEP35]]>
            </line>
            <line>
              <![CDATA[failed to execute RetrieveAndReserve test]]>
            </line>
            <line>
              <![CDATA[STEP37]]>
            </line>
          </reporter-output>
        </test-method> <!-- testRetrieveAndReserve -->
        <test-method status="PASS" signature="afterMethod()[pri:0, instance:apd.infoimage.iwm.tests.INFO_5111@7cbd213e]" name="afterMethod" is-config="true" duration-ms="23355" started-at="2019-12-06T05:45:14Z" finished-at="2019-12-06T05:45:37Z">
          <reporter-output>
            <line>
              <![CDATA[Log out success ]]>
            </line>
          </reporter-output>
        </test-method> <!-- afterMethod -->
        <test-method status="PASS" signature="afterSuite()[pri:0, instance:apd.infoimage.iwm.tests.INFO_5111@7cbd213e]" name="afterSuite" is-config="true" duration-ms="6826" started-at="2019-12-06T05:45:37Z" finished-at="2019-12-06T05:45:44Z">
          <reporter-output>
          </reporter-output>
        </test-method> <!-- afterSuite -->
      </class> <!-- apd.infoimage.iwm.tests.INFO_5111 -->
    </test> <!-- Default test -->
  </suite> <!-- Default suite -->
</testng-results>
